[31-Dec-2025 01:55:32 Asia/Jakarta] === DEBUG MODE ON - INPUT NILAI ===
[31-Dec-2025 01:55:32 Asia/Jakarta] PHP Version: 8.3.20
[31-Dec-2025 01:55:32 Asia/Jakarta] Current time: 2025-12-31 01:55:32
[31-Dec-2025 01:55:32 Asia/Jakarta] Guru ID: 4, Name: hanskay S.pd S.Kom
[31-Dec-2025 01:55:32 Asia/Jakarta] Jumlah kelas ditemukan: 4
[31-Dec-2025 01:55:32 Asia/Jakarta] Jumlah siswa ditemukan: 3
[31-Dec-2025 01:56:22 Asia/Jakarta] === DEBUG MODE ON - INPUT NILAI ===
[31-Dec-2025 01:56:22 Asia/Jakarta] PHP Version: 8.3.20
[31-Dec-2025 01:56:22 Asia/Jakarta] Current time: 2025-12-31 01:56:22
[31-Dec-2025 01:56:22 Asia/Jakarta] Guru ID: 4, Name: hanskay S.pd S.Kom
[31-Dec-2025 01:56:22 Asia/Jakarta] Jumlah kelas ditemukan: 4
[31-Dec-2025 01:56:22 Asia/Jakarta] Jumlah siswa ditemukan: 3
[31-Dec-2025 01:56:22 Asia/Jakarta] Siswa ID dari POST: 8
[31-Dec-2025 01:57:06 Asia/Jakarta] === DEBUG MODE ON - INPUT NILAI ===
[31-Dec-2025 01:57:06 Asia/Jakarta] PHP Version: 8.3.20
[31-Dec-2025 01:57:06 Asia/Jakarta] Current time: 2025-12-31 01:57:06
[31-Dec-2025 01:57:06 Asia/Jakarta] Guru ID: 4, Name: hanskay S.pd S.Kom
[31-Dec-2025 01:57:06 Asia/Jakarta] Jumlah kelas ditemukan: 4
[31-Dec-2025 01:57:06 Asia/Jakarta] Jumlah siswa ditemukan: 3
[31-Dec-2025 01:57:06 Asia/Jakarta] Siswa ID dari POST: 8
[31-Dec-2025 01:58:32 Asia/Jakarta] === DEBUG MODE ON - INPUT NILAI ===
[31-Dec-2025 01:58:32 Asia/Jakarta] PHP Version: 8.3.20
[31-Dec-2025 01:58:32 Asia/Jakarta] Current time: 2025-12-31 01:58:32
[31-Dec-2025 01:58:32 Asia/Jakarta] Guru ID: 4, Name: hanskay S.pd S.Kom
[31-Dec-2025 01:58:32 Asia/Jakarta] Jumlah kelas ditemukan: 4
[31-Dec-2025 01:58:32 Asia/Jakarta] Jumlah siswa ditemukan: 3
[31-Dec-2025 01:58:46 Asia/Jakarta] === DEBUG MODE ON - INPUT NILAI ===
[31-Dec-2025 01:58:46 Asia/Jakarta] PHP Version: 8.3.20
[31-Dec-2025 01:58:46 Asia/Jakarta] Current time: 2025-12-31 01:58:46
[31-Dec-2025 01:58:46 Asia/Jakarta] Guru ID: 4, Name: hanskay S.pd S.Kom
[31-Dec-2025 01:58:46 Asia/Jakarta] Jumlah kelas ditemukan: 4
[31-Dec-2025 01:58:46 Asia/Jakarta] Jumlah siswa ditemukan: 3
[31-Dec-2025 01:59:10 Asia/Jakarta] === DEBUG MODE ON - INPUT NILAI ===
[31-Dec-2025 01:59:10 Asia/Jakarta] PHP Version: 8.3.20
[31-Dec-2025 01:59:10 Asia/Jakarta] Current time: 2025-12-31 01:59:10
[31-Dec-2025 01:59:10 Asia/Jakarta] Guru ID: 4, Name: hanskay S.pd S.Kom
[31-Dec-2025 01:59:10 Asia/Jakarta] Jumlah kelas ditemukan: 4
[31-Dec-2025 01:59:10 Asia/Jakarta] Jumlah siswa ditemukan: 3
[31-Dec-2025 01:59:10 Asia/Jakarta] Siswa ID dari POST: 7
[31-Dec-2025 01:59:34 Asia/Jakarta] === DEBUG MODE ON - INPUT NILAI ===
[31-Dec-2025 01:59:34 Asia/Jakarta] PHP Version: 8.3.20
[31-Dec-2025 01:59:34 Asia/Jakarta] Current time: 2025-12-31 01:59:34
[31-Dec-2025 01:59:34 Asia/Jakarta] Guru ID: 4, Name: hanskay S.pd S.Kom
[31-Dec-2025 01:59:34 Asia/Jakarta] Jumlah kelas ditemukan: 4
[31-Dec-2025 01:59:34 Asia/Jakarta] Jumlah siswa ditemukan: 3
[31-Dec-2025 16:30:37 Asia/Jakarta] === DEBUG MODE ON - INPUT NILAI ===
[31-Dec-2025 16:30:37 Asia/Jakarta] PHP Version: 8.3.20
[31-Dec-2025 16:30:37 Asia/Jakarta] Current time: 2025-12-31 16:30:37
[31-Dec-2025 16:30:37 Asia/Jakarta] Guru ID: 4, Name: hanskay S.pd S.Kom
[31-Dec-2025 16:30:37 Asia/Jakarta] Jumlah kelas ditemukan: 4
[31-Dec-2025 16:30:37 Asia/Jakarta] Jumlah siswa ditemukan: 3
[31-Dec-2025 16:30:43 Asia/Jakarta] === DEBUG MODE ON - INPUT NILAI ===
[31-Dec-2025 16:30:43 Asia/Jakarta] PHP Version: 8.3.20
[31-Dec-2025 16:30:43 Asia/Jakarta] Current time: 2025-12-31 16:30:43
[31-Dec-2025 16:30:43 Asia/Jakarta] Guru ID: 4, Name: hanskay S.pd S.Kom
[31-Dec-2025 16:30:43 Asia/Jakarta] Jumlah kelas ditemukan: 4
[31-Dec-2025 16:30:43 Asia/Jakarta] Jumlah siswa ditemukan: 3
[31-Dec-2025 16:30:43 Asia/Jakarta] Siswa ID dari POST: 8
[31-Dec-2025 16:30:53 Asia/Jakarta] === DEBUG MODE ON - INPUT NILAI ===
[31-Dec-2025 16:30:53 Asia/Jakarta] PHP Version: 8.3.20
[31-Dec-2025 16:30:53 Asia/Jakarta] Current time: 2025-12-31 16:30:53
[31-Dec-2025 16:30:53 Asia/Jakarta] Guru ID: 4, Name: hanskay S.pd S.Kom
[31-Dec-2025 16:30:53 Asia/Jakarta] Jumlah kelas ditemukan: 4
[31-Dec-2025 16:30:53 Asia/Jakarta] Jumlah siswa ditemukan: 3
